 [*] Waiting for messages. To exit press CTRL+C
0: Successfully rotated 25.766630456396463 degrees
0: Successfully extracted frame 1s  in video ref/videos/video_2.mp4
1: Successfully extracted frame 49s  in video ref/videos/video_1.mp4
2: Successfully extracted frame 99s  in video ref/videos/video_3.mp4
3: Successfully extracted frame 77s  in video ref/videos/video_3.mp4
4: Successfully rotated 125.39255144636002 degrees
4: Successfully extracted frame 43s  in video ref/videos/video_2.mp4
5: Successfully extracted frame 1s  in video ref/videos/video_1.mp4
6: Time required is bigger than video duration
6: Couldnt read frame in 73.0s from video ref/videos/video_1.mp4
7: Successfully extracted frame 46s  in video ref/videos/video_3.mp4
8: Time required is bigger than video duration
8: Couldnt read frame in 73.0s from video ref/videos/video_1.mp4
9: Successfully rotated 166.57020386588854 degrees
9: Successfully extracted frame 45s  in video ref/videos/video_2.mp4
10: Time required is bigger than video duration
10: Couldnt read frame in 73.0s from video ref/videos/video_1.mp4
11: Successfully rotated 162.11240585513673 degrees
11: Successfully extracted frame 23s  in video ref/videos/video_2.mp4
12: Successfully rotated 100.90325387617153 degrees
12: Successfully extracted frame 75s  in video ref/videos/video_2.mp4
13: Successfully extracted frame 48s  in video ref/videos/video_3.mp4
14: Successfully rotated 90.02357379053223 degrees
14: Successfully extracted frame 8s  in video ref/videos/video_3.mp4
15: Successfully extracted frame 13s  in video ref/videos/video_3.mp4
16: Successfully extracted frame 0s  in video ref/videos/video_1.mp4
17: Time required is bigger than video duration
17: Couldnt read frame in 73.0s from video ref/videos/video_1.mp4
18: Successfully rotated 90.4645397546479 degrees
18: Successfully extracted frame 99s  in video ref/videos/video_3.mp4
19: Time required is bigger than video duration
19: Couldnt read frame in 73.0s from video ref/videos/video_1.mp4
20: Successfully rotated 166.67841042568912 degrees
20: Successfully extracted frame 65s  in video ref/videos/video_3.mp4
21: Time required is bigger than video duration
21: Couldnt read frame in 73.0s from video ref/videos/video_1.mp4
22: Successfully rotated 158.0046799094566 degrees
22: Successfully extracted frame 94s  in video ref/videos/video_2.mp4
23: Successfully rotated 16.386979972344925 degrees
23: Successfully extracted frame 54s  in video ref/videos/video_2.mp4
24: Time required is bigger than video duration
24: Couldnt read frame in 73.0s from video ref/videos/video_1.mp4
25: Successfully extracted frame 65s  in video ref/videos/video_2.mp4
26: Successfully rotated 145.74633116591485 degrees
26: Successfully extracted frame 4s  in video ref/videos/video_2.mp4
27: Successfully rotated 86.5484100089257 degrees
27: Successfully extracted frame 47s  in video ref/videos/video_2.mp4
Total items received:  29
